c:\users\monstr\desktop\oni\oni\release\imagewindow.obj
c:\users\monstr\desktop\oni\oni\release\mainwindow.obj
c:\users\monstr\desktop\oni\oni\release\tools.obj
c:\users\monstr\desktop\oni\oni\release\main.obj
c:\users\monstr\desktop\oni\oni\release\moc_mainwindow.obj
c:\users\monstr\desktop\oni\oni\release\moc_imagewindow.obj
c:\users\monstr\desktop\oni — копия\oni\release\imagewindow.obj
c:\users\monstr\desktop\oni — копия\oni\release\tools.obj
c:\users\monstr\desktop\oni — копия\oni\release\main.obj
c:\users\monstr\desktop\oni — копия\oni\release\mainwindow.obj
c:\users\monstr\desktop\oni — копия\oni\release\moc_imagewindow.obj
c:\users\monstr\desktop\oni — копия\oni\release\moc_mainwindow.obj
c:\users\monstr\desktop\oni\release\oni.exe
c:\users\monstr\desktop\oni — копия\oni\release\moc\moc_mainwindow.cpp
c:\users\monstr\desktop\oni — копия\oni\release\moc\moc_imagewindow.cpp
c:\users\monstr\desktop\oni\oni\release\uic\ui_imagewindow.h
c:\users\monstr\desktop\oni\oni\release\uic\ui_mainwindow.h
c:\users\monstr\desktop\oni\oni\release\moc\moc_mainwindow.cpp
c:\users\monstr\desktop\oni\oni\release\moc\moc_imagewindow.cpp
c:\users\monstr\desktop\oni — копия\oni\release\uic\ui_imagewindow.h
c:\users\monstr\desktop\oni — копия\oni\release\uic\ui_mainwindow.h
c:\users\monstr\desktop\oni — копия\oni\release\oni.tlog\cl.command.1.tlog
c:\users\monstr\desktop\oni — копия\oni\release\oni.tlog\cl.read.1.tlog
c:\users\monstr\desktop\oni — копия\oni\release\oni.tlog\cl.write.1.tlog
c:\users\monstr\desktop\oni — копия\oni\release\oni.tlog\link.command.1.tlog
c:\users\monstr\desktop\oni — копия\oni\release\oni.tlog\link.read.1.tlog
c:\users\monstr\desktop\oni — копия\oni\release\oni.tlog\link.write.1.tlog
c:\users\monstr\desktop\oni — копия\oni\release\oni.tlog\moc.read.1u.tlog
c:\users\monstr\desktop\oni — копия\oni\release\oni.tlog\moc.write.1u.tlog
c:\users\monstr\desktop\oni — копия\oni\release\oni.tlog\oni.write.1u.tlog
c:\users\monstr\desktop\oni — копия\oni\release\oni.tlog\uic.read.1u.tlog
c:\users\monstr\desktop\oni — копия\oni\release\oni.tlog\uic.write.1u.tlog
